{"/Users/michellewong/Documents/fullStackOpenExercises/FullStackOpen/part5/bloglist-frontend/src/App.jsx": {"path":"/Users/michellewong/Documents/fullStackOpenExercises/FullStackOpen/part5/bloglist-frontend/src/App.jsx","statementMap":{"0":{"start":{"line":10,"column":12},"end":{"line":162,"column":1}},"1":{"start":{"line":11,"column":28},"end":{"line":11,"column":40}},"2":{"start":{"line":12,"column":32},"end":{"line":12,"column":44}},"3":{"start":{"line":13,"column":32},"end":{"line":13,"column":46}},"4":{"start":{"line":15,"column":34},"end":{"line":15,"column":46}},"5":{"start":{"line":16,"column":34},"end":{"line":16,"column":46}},"6":{"start":{"line":17,"column":26},"end":{"line":17,"column":40}},"7":{"start":{"line":19,"column":26},"end":{"line":19,"column":53}},"8":{"start":{"line":21,"column":2},"end":{"line":23,"column":8}},"9":{"start":{"line":22,"column":4},"end":{"line":22,"column":71}},"10":{"start":{"line":22,"column":48},"end":{"line":22,"column":70}},"11":{"start":{"line":25,"column":2},"end":{"line":32,"column":8}},"12":{"start":{"line":26,"column":27},"end":{"line":26,"column":75}},"13":{"start":{"line":27,"column":4},"end":{"line":31,"column":5}},"14":{"start":{"line":28,"column":19},"end":{"line":28,"column":45}},"15":{"start":{"line":29,"column":6},"end":{"line":29,"column":19}},"16":{"start":{"line":30,"column":6},"end":{"line":30,"column":38}},"17":{"start":{"line":34,"column":21},"end":{"line":43,"column":3}},"18":{"start":{"line":35,"column":4},"end":{"line":38,"column":6}},"19":{"start":{"line":40,"column":4},"end":{"line":42,"column":12}},"20":{"start":{"line":41,"column":6},"end":{"line":41,"column":32}},"21":{"start":{"line":45,"column":22},"end":{"line":62,"column":3}},"22":{"start":{"line":46,"column":4},"end":{"line":46,"column":26}},"23":{"start":{"line":48,"column":4},"end":{"line":61,"column":5}},"24":{"start":{"line":49,"column":19},"end":{"line":52,"column":8}},"25":{"start":{"line":53,"column":6},"end":{"line":53,"column":23}},"26":{"start":{"line":54,"column":6},"end":{"line":54,"column":76}},"27":{"start":{"line":55,"column":6},"end":{"line":55,"column":38}},"28":{"start":{"line":56,"column":6},"end":{"line":56,"column":19}},"29":{"start":{"line":57,"column":6},"end":{"line":57,"column":21}},"30":{"start":{"line":58,"column":6},"end":{"line":58,"column":21}},"31":{"start":{"line":60,"column":6},"end":{"line":60,"column":55}},"32":{"start":{"line":64,"column":18},"end":{"line":73,"column":3}},"33":{"start":{"line":65,"column":4},"end":{"line":72,"column":5}},"34":{"start":{"line":66,"column":19},"end":{"line":66,"column":55}},"35":{"start":{"line":68,"column":6},"end":{"line":68,"column":32}},"36":{"start":{"line":69,"column":6},"end":{"line":69,"column":68}},"37":{"start":{"line":71,"column":6},"end":{"line":71,"column":45}},"38":{"start":{"line":75,"column":17},"end":{"line":78,"column":3}},"39":{"start":{"line":76,"column":4},"end":{"line":76,"column":55}},"40":{"start":{"line":77,"column":4},"end":{"line":77,"column":17}},"41":{"start":{"line":80,"column":18},"end":{"line":91,"column":3}},"42":{"start":{"line":81,"column":25},"end":{"line":83,"column":5}},"43":{"start":{"line":82,"column":6},"end":{"line":82,"column":41}},"44":{"start":{"line":84,"column":4},"end":{"line":90,"column":5}},"45":{"start":{"line":85,"column":19},"end":{"line":85,"column":60}},"46":{"start":{"line":86,"column":6},"end":{"line":86,"column":28}},"47":{"start":{"line":87,"column":6},"end":{"line":87,"column":78}},"48":{"start":{"line":89,"column":6},"end":{"line":89,"column":47}},"49":{"start":{"line":93,"column":21},"end":{"line":101,"column":3}},"50":{"start":{"line":94,"column":4},"end":{"line":100,"column":5}},"51":{"start":{"line":95,"column":19},"end":{"line":95,"column":47}},"52":{"start":{"line":96,"column":6},"end":{"line":96,"column":54}},"53":{"start":{"line":96,"column":38},"end":{"line":96,"column":52}},"54":{"start":{"line":97,"column":6},"end":{"line":97,"column":35}},"55":{"start":{"line":99,"column":6},"end":{"line":99,"column":47}},"56":{"start":{"line":103,"column":22},"end":{"line":103,"column":61}},"57":{"start":{"line":103,"column":43},"end":{"line":103,"column":60}},"58":{"start":{"line":104,"column":2},"end":{"line":104,"column":26}},"59":{"start":{"line":106,"column":2},"end":{"line":161,"column":3}},"60":{"start":{"line":120,"column":42},"end":{"line":120,"column":67}},"61":{"start":{"line":129,"column":42},"end":{"line":129,"column":67}},"62":{"start":{"line":149,"column":14},"end":{"line":156,"column":16}},"63":{"start":{"line":153,"column":18},"end":{"line":153,"column":47}},"64":{"start":{"line":155,"column":34},"end":{"line":155,"column":53}}},"fnMap":{"0":{"name":"(anonymous_0)","decl":{"start":{"line":10,"column":12},"end":{"line":10,"column":13}},"loc":{"start":{"line":10,"column":18},"end":{"line":162,"column":1}},"line":10},"1":{"name":"(anonymous_1)","decl":{"start":{"line":21,"column":12},"end":{"line":21,"column":13}},"loc":{"start":{"line":21,"column":18},"end":{"line":23,"column":3}},"line":21},"2":{"name":"(anonymous_2)","decl":{"start":{"line":22,"column":30},"end":{"line":22,"column":31}},"loc":{"start":{"line":22,"column":48},"end":{"line":22,"column":70}},"line":22},"3":{"name":"(anonymous_3)","decl":{"start":{"line":25,"column":12},"end":{"line":25,"column":13}},"loc":{"start":{"line":25,"column":18},"end":{"line":32,"column":3}},"line":25},"4":{"name":"(anonymous_4)","decl":{"start":{"line":34,"column":21},"end":{"line":34,"column":22}},"loc":{"start":{"line":34,"column":49},"end":{"line":43,"column":3}},"line":34},"5":{"name":"(anonymous_5)","decl":{"start":{"line":40,"column":15},"end":{"line":40,"column":16}},"loc":{"start":{"line":40,"column":21},"end":{"line":42,"column":5}},"line":40},"6":{"name":"(anonymous_6)","decl":{"start":{"line":45,"column":22},"end":{"line":45,"column":23}},"loc":{"start":{"line":45,"column":39},"end":{"line":62,"column":3}},"line":45},"7":{"name":"(anonymous_7)","decl":{"start":{"line":64,"column":18},"end":{"line":64,"column":19}},"loc":{"start":{"line":64,"column":40},"end":{"line":73,"column":3}},"line":64},"8":{"name":"(anonymous_8)","decl":{"start":{"line":75,"column":17},"end":{"line":75,"column":18}},"loc":{"start":{"line":75,"column":23},"end":{"line":78,"column":3}},"line":75},"9":{"name":"(anonymous_9)","decl":{"start":{"line":80,"column":18},"end":{"line":80,"column":19}},"loc":{"start":{"line":80,"column":45},"end":{"line":91,"column":3}},"line":80},"10":{"name":"(anonymous_10)","decl":{"start":{"line":81,"column":35},"end":{"line":81,"column":36}},"loc":{"start":{"line":82,"column":6},"end":{"line":82,"column":41}},"line":82},"11":{"name":"(anonymous_11)","decl":{"start":{"line":93,"column":21},"end":{"line":93,"column":22}},"loc":{"start":{"line":93,"column":35},"end":{"line":101,"column":3}},"line":93},"12":{"name":"(anonymous_12)","decl":{"start":{"line":96,"column":28},"end":{"line":96,"column":29}},"loc":{"start":{"line":96,"column":38},"end":{"line":96,"column":52}},"line":96},"13":{"name":"(anonymous_13)","decl":{"start":{"line":103,"column":33},"end":{"line":103,"column":34}},"loc":{"start":{"line":103,"column":43},"end":{"line":103,"column":60}},"line":103},"14":{"name":"(anonymous_14)","decl":{"start":{"line":120,"column":26},"end":{"line":120,"column":27}},"loc":{"start":{"line":120,"column":42},"end":{"line":120,"column":67}},"line":120},"15":{"name":"(anonymous_15)","decl":{"start":{"line":129,"column":26},"end":{"line":129,"column":27}},"loc":{"start":{"line":129,"column":42},"end":{"line":129,"column":67}},"line":129},"16":{"name":"(anonymous_16)","decl":{"start":{"line":148,"column":29},"end":{"line":148,"column":30}},"loc":{"start":{"line":149,"column":14},"end":{"line":156,"column":16}},"line":149},"17":{"name":"(anonymous_17)","decl":{"start":{"line":152,"column":33},"end":{"line":152,"column":34}},"loc":{"start":{"line":153,"column":18},"end":{"line":153,"column":47}},"line":153},"18":{"name":"(anonymous_18)","decl":{"start":{"line":155,"column":28},"end":{"line":155,"column":29}},"loc":{"start":{"line":155,"column":34},"end":{"line":155,"column":53}},"line":155}},"branchMap":{"0":{"loc":{"start":{"line":27,"column":4},"end":{"line":31,"column":5}},"type":"if","locations":[{"start":{"line":27,"column":4},"end":{"line":31,"column":5}},{"start":{},"end":{}}],"line":27},"1":{"loc":{"start":{"line":34,"column":31},"end":{"line":34,"column":44}},"type":"default-arg","locations":[{"start":{"line":34,"column":38},"end":{"line":34,"column":44}}],"line":34},"2":{"loc":{"start":{"line":82,"column":6},"end":{"line":82,"column":41}},"type":"cond-expr","locations":[{"start":{"line":82,"column":23},"end":{"line":82,"column":34}},{"start":{"line":82,"column":37},"end":{"line":82,"column":41}}],"line":82},"3":{"loc":{"start":{"line":110,"column":7},"end":{"line":159,"column":7}},"type":"cond-expr","locations":[{"start":{"line":111,"column":8},"end":{"line":134,"column":14}},{"start":{"line":136,"column":8},"end":{"line":158,"column":14}}],"line":110},"4":{"loc":{"start":{"line":147,"column":11},"end":{"line":157,"column":14}},"type":"binary-expr","locations":[{"start":{"line":147,"column":11},"end":{"line":147,"column":29}},{"start":{"line":148,"column":12},"end":{"line":157,"column":14}}],"line":147}},"s":{"0":0,"1":0,"2":0,"3":0,"4":0,"5":0,"6":0,"7":0,"8":0,"9":0,"10":0,"11":0,"12":0,"13":0,"14":0,"15":0,"16":0,"17":0,"18":0,"19":0,"20":0,"21":0,"22":0,"23":0,"24":0,"25":0,"26":0,"27":0,"28":0,"29":0,"30":0,"31":0,"32":0,"33":0,"34":0,"35":0,"36":0,"37":0,"38":0,"39":0,"40":0,"41":0,"42":0,"43":0,"44":0,"45":0,"46":0,"47":0,"48":0,"49":0,"50":0,"51":0,"52":0,"53":0,"54":0,"55":0,"56":0,"57":0,"58":0,"59":0,"60":0,"61":0,"62":0,"63":0,"64":0},"f":{"0":0,"1":0,"2":0,"3":0,"4":0,"5":0,"6":0,"7":0,"8":0,"9":0,"10":0,"11":0,"12":0,"13":0,"14":0,"15":0,"16":0,"17":0,"18":0},"b":{"0":[0,0],"1":[0],"2":[0,0],"3":[0,0],"4":[0,0]}}
,"/Users/michellewong/Documents/fullStackOpenExercises/FullStackOpen/part5/bloglist-frontend/src/main.jsx": {"path":"/Users/michellewong/Documents/fullStackOpenExercises/FullStackOpen/part5/bloglist-frontend/src/main.jsx","statementMap":{"0":{"start":{"line":4,"column":0},"end":{"line":4,"column":68}}},"fnMap":{},"branchMap":{},"s":{"0":0},"f":{},"b":{}}
,"/Users/michellewong/Documents/fullStackOpenExercises/FullStackOpen/part5/bloglist-frontend/src/components/Blog.jsx": {"path":"/Users/michellewong/Documents/fullStackOpenExercises/FullStackOpen/part5/bloglist-frontend/src/components/Blog.jsx","statementMap":{"0":{"start":{"line":3,"column":13},"end":{"line":52,"column":1}},"1":{"start":{"line":4,"column":36},"end":{"line":4,"column":51}},"2":{"start":{"line":5,"column":44},"end":{"line":5,"column":58}},"3":{"start":{"line":7,"column":20},"end":{"line":13,"column":3}},"4":{"start":{"line":15,"column":23},"end":{"line":21,"column":3}},"5":{"start":{"line":16,"column":4},"end":{"line":19,"column":7}},"6":{"start":{"line":16,"column":36},"end":{"line":19,"column":5}},"7":{"start":{"line":20,"column":4},"end":{"line":20,"column":52}},"8":{"start":{"line":23,"column":2},"end":{"line":51,"column":3}},"9":{"start":{"line":30,"column":33},"end":{"line":30,"column":57}},"10":{"start":{"line":46,"column":57},"end":{"line":46,"column":76}}},"fnMap":{"0":{"name":"(anonymous_0)","decl":{"start":{"line":3,"column":13},"end":{"line":3,"column":14}},"loc":{"start":{"line":3,"column":56},"end":{"line":52,"column":1}},"line":3},"1":{"name":"(anonymous_1)","decl":{"start":{"line":15,"column":23},"end":{"line":15,"column":24}},"loc":{"start":{"line":15,"column":35},"end":{"line":21,"column":3}},"line":15},"2":{"name":"(anonymous_2)","decl":{"start":{"line":16,"column":21},"end":{"line":16,"column":22}},"loc":{"start":{"line":16,"column":36},"end":{"line":19,"column":5}},"line":16},"3":{"name":"(anonymous_3)","decl":{"start":{"line":30,"column":27},"end":{"line":30,"column":28}},"loc":{"start":{"line":30,"column":33},"end":{"line":30,"column":57}},"line":30},"4":{"name":"(anonymous_4)","decl":{"start":{"line":46,"column":51},"end":{"line":46,"column":52}},"loc":{"start":{"line":46,"column":57},"end":{"line":46,"column":76}},"line":46}},"branchMap":{"0":{"loc":{"start":{"line":31,"column":13},"end":{"line":31,"column":40}},"type":"cond-expr","locations":[{"start":{"line":31,"column":25},"end":{"line":31,"column":31}},{"start":{"line":31,"column":34},"end":{"line":31,"column":40}}],"line":31},"1":{"loc":{"start":{"line":34,"column":11},"end":{"line":44,"column":11}},"type":"binary-expr","locations":[{"start":{"line":34,"column":11},"end":{"line":34,"column":20}},{"start":{"line":35,"column":12},"end":{"line":43,"column":18}}],"line":34}},"s":{"0":1,"1":5,"2":5,"3":5,"4":5,"5":2,"6":2,"7":2,"8":5,"9":1,"10":0},"f":{"0":5,"1":2,"2":2,"3":1,"4":0},"b":{"0":[3,2],"1":[5,3]},"_coverageSchema":"1a1c01bbd47fc00a2c39e90264f33305004495a9","hash":"547f0962137d485a9aae792bb6e944dfcb79e599"}
,"/Users/michellewong/Documents/fullStackOpenExercises/FullStackOpen/part5/bloglist-frontend/src/components/BlogForm.jsx": {"path":"/Users/michellewong/Documents/fullStackOpenExercises/FullStackOpen/part5/bloglist-frontend/src/components/BlogForm.jsx","statementMap":{"0":{"start":{"line":3,"column":17},"end":{"line":69,"column":1}},"1":{"start":{"line":4,"column":32},"end":{"line":4,"column":44}},"2":{"start":{"line":6,"column":18},"end":{"line":19,"column":3}},"3":{"start":{"line":7,"column":4},"end":{"line":7,"column":26}},"4":{"start":{"line":8,"column":4},"end":{"line":12,"column":6}},"5":{"start":{"line":14,"column":4},"end":{"line":18,"column":6}},"6":{"start":{"line":21,"column":19},"end":{"line":29,"column":3}},"7":{"start":{"line":22,"column":28},"end":{"line":22,"column":40}},"8":{"start":{"line":23,"column":4},"end":{"line":28,"column":6}},"9":{"start":{"line":24,"column":6},"end":{"line":27,"column":7}},"10":{"start":{"line":31,"column":2},"end":{"line":68,"column":3}}},"fnMap":{"0":{"name":"(anonymous_0)","decl":{"start":{"line":3,"column":17},"end":{"line":3,"column":18}},"loc":{"start":{"line":3,"column":37},"end":{"line":69,"column":1}},"line":3},"1":{"name":"(anonymous_1)","decl":{"start":{"line":6,"column":18},"end":{"line":6,"column":19}},"loc":{"start":{"line":6,"column":29},"end":{"line":19,"column":3}},"line":6},"2":{"name":"(anonymous_2)","decl":{"start":{"line":21,"column":19},"end":{"line":21,"column":20}},"loc":{"start":{"line":21,"column":30},"end":{"line":29,"column":3}},"line":21},"3":{"name":"(anonymous_3)","decl":{"start":{"line":23,"column":15},"end":{"line":23,"column":16}},"loc":{"start":{"line":23,"column":29},"end":{"line":28,"column":5}},"line":23}},"branchMap":{},"s":{"0":1,"1":71,"2":71,"3":1,"4":1,"5":1,"6":71,"7":69,"8":69,"9":69,"10":71},"f":{"0":71,"1":1,"2":69,"3":69},"b":{},"_coverageSchema":"1a1c01bbd47fc00a2c39e90264f33305004495a9","hash":"cae26a7fcdf068f8c62c1a60493d759f3fd08a35"}
,"/Users/michellewong/Documents/fullStackOpenExercises/FullStackOpen/part5/bloglist-frontend/src/components/Login.jsx": {"path":"/Users/michellewong/Documents/fullStackOpenExercises/FullStackOpen/part5/bloglist-frontend/src/components/Login.jsx","statementMap":{"0":{"start":{"line":5,"column":14},"end":{"line":68,"column":1}},"1":{"start":{"line":6,"column":26},"end":{"line":9,"column":4}},"2":{"start":{"line":11,"column":19},"end":{"line":26,"column":3}},"3":{"start":{"line":12,"column":4},"end":{"line":12,"column":26}},"4":{"start":{"line":13,"column":4},"end":{"line":13,"column":27}},"5":{"start":{"line":15,"column":4},"end":{"line":25,"column":8}},"6":{"start":{"line":18,"column":8},"end":{"line":21,"column":10}},"7":{"start":{"line":24,"column":8},"end":{"line":24,"column":40}},"8":{"start":{"line":28,"column":19},"end":{"line":36,"column":3}},"9":{"start":{"line":29,"column":28},"end":{"line":29,"column":40}},"10":{"start":{"line":30,"column":4},"end":{"line":35,"column":6}},"11":{"start":{"line":31,"column":6},"end":{"line":34,"column":7}},"12":{"start":{"line":38,"column":2},"end":{"line":38,"column":19}},"13":{"start":{"line":40,"column":2},"end":{"line":67,"column":3}}},"fnMap":{"0":{"name":"(anonymous_0)","decl":{"start":{"line":5,"column":14},"end":{"line":5,"column":15}},"loc":{"start":{"line":5,"column":20},"end":{"line":68,"column":1}},"line":5},"1":{"name":"(anonymous_1)","decl":{"start":{"line":11,"column":19},"end":{"line":11,"column":20}},"loc":{"start":{"line":11,"column":30},"end":{"line":26,"column":3}},"line":11},"2":{"name":"(anonymous_2)","decl":{"start":{"line":17,"column":12},"end":{"line":17,"column":13}},"loc":{"start":{"line":17,"column":21},"end":{"line":22,"column":7}},"line":17},"3":{"name":"(anonymous_3)","decl":{"start":{"line":23,"column":13},"end":{"line":23,"column":14}},"loc":{"start":{"line":23,"column":22},"end":{"line":25,"column":7}},"line":23},"4":{"name":"(anonymous_4)","decl":{"start":{"line":28,"column":19},"end":{"line":28,"column":20}},"loc":{"start":{"line":28,"column":30},"end":{"line":36,"column":3}},"line":28},"5":{"name":"(anonymous_5)","decl":{"start":{"line":30,"column":12},"end":{"line":30,"column":13}},"loc":{"start":{"line":30,"column":26},"end":{"line":35,"column":5}},"line":30}},"branchMap":{},"s":{"0":0,"1":0,"2":0,"3":0,"4":0,"5":0,"6":0,"7":0,"8":0,"9":0,"10":0,"11":0,"12":0,"13":0},"f":{"0":0,"1":0,"2":0,"3":0,"4":0,"5":0},"b":{}}
,"/Users/michellewong/Documents/fullStackOpenExercises/FullStackOpen/part5/bloglist-frontend/src/components/Notification.jsx": {"path":"/Users/michellewong/Documents/fullStackOpenExercises/FullStackOpen/part5/bloglist-frontend/src/components/Notification.jsx","statementMap":{"0":{"start":{"line":1,"column":21},"end":{"line":16,"column":1}},"1":{"start":{"line":2,"column":2},"end":{"line":4,"column":3}},"2":{"start":{"line":3,"column":4},"end":{"line":3,"column":10}},"3":{"start":{"line":6,"column":16},"end":{"line":14,"column":3}},"4":{"start":{"line":15,"column":2},"end":{"line":15,"column":48}}},"fnMap":{"0":{"name":"(anonymous_0)","decl":{"start":{"line":1,"column":21},"end":{"line":1,"column":22}},"loc":{"start":{"line":1,"column":35},"end":{"line":16,"column":1}},"line":1}},"branchMap":{"0":{"loc":{"start":{"line":2,"column":2},"end":{"line":4,"column":3}},"type":"if","locations":[{"start":{"line":2,"column":2},"end":{"line":4,"column":3}},{"start":{},"end":{}}],"line":2},"1":{"loc":{"start":{"line":7,"column":11},"end":{"line":7,"column":50}},"type":"cond-expr","locations":[{"start":{"line":7,"column":35},"end":{"line":7,"column":40}},{"start":{"line":7,"column":43},"end":{"line":7,"column":50}}],"line":7}},"s":{"0":0,"1":0,"2":0,"3":0,"4":0},"f":{"0":0},"b":{"0":[0,0],"1":[0,0]}}
,"/Users/michellewong/Documents/fullStackOpenExercises/FullStackOpen/part5/bloglist-frontend/src/components/Togglable.jsx": {"path":"/Users/michellewong/Documents/fullStackOpenExercises/FullStackOpen/part5/bloglist-frontend/src/components/Togglable.jsx","statementMap":{"0":{"start":{"line":5,"column":18},"end":{"line":26,"column":2}},"1":{"start":{"line":6,"column":32},"end":{"line":6,"column":47}},"2":{"start":{"line":8,"column":26},"end":{"line":8,"column":60}},"3":{"start":{"line":9,"column":26},"end":{"line":9,"column":60}},"4":{"start":{"line":11,"column":27},"end":{"line":13,"column":3}},"5":{"start":{"line":12,"column":4},"end":{"line":12,"column":24}},"6":{"start":{"line":15,"column":2},"end":{"line":25,"column":3}},"7":{"start":{"line":28,"column":0},"end":{"line":30,"column":1}},"8":{"start":{"line":31,"column":0},"end":{"line":31,"column":35}}},"fnMap":{"0":{"name":"(anonymous_0)","decl":{"start":{"line":5,"column":35},"end":{"line":5,"column":36}},"loc":{"start":{"line":5,"column":51},"end":{"line":26,"column":1}},"line":5},"1":{"name":"(anonymous_1)","decl":{"start":{"line":11,"column":27},"end":{"line":11,"column":28}},"loc":{"start":{"line":11,"column":33},"end":{"line":13,"column":3}},"line":11}},"branchMap":{"0":{"loc":{"start":{"line":8,"column":37},"end":{"line":8,"column":58}},"type":"cond-expr","locations":[{"start":{"line":8,"column":47},"end":{"line":8,"column":53}},{"start":{"line":8,"column":56},"end":{"line":8,"column":58}}],"line":8},"1":{"loc":{"start":{"line":9,"column":37},"end":{"line":9,"column":58}},"type":"cond-expr","locations":[{"start":{"line":9,"column":47},"end":{"line":9,"column":49}},{"start":{"line":9,"column":52},"end":{"line":9,"column":58}}],"line":9}},"s":{"0":1,"1":4,"2":4,"3":4,"4":4,"5":1,"6":4,"7":1,"8":1},"f":{"0":4,"1":1},"b":{"0":[1,3],"1":[1,3]},"_coverageSchema":"1a1c01bbd47fc00a2c39e90264f33305004495a9","hash":"b63d261ea2ac2163478a0d0f32c171ea11757736"}
,"/Users/michellewong/Documents/fullStackOpenExercises/FullStackOpen/part5/bloglist-frontend/src/services/blogs.js": {"path":"/Users/michellewong/Documents/fullStackOpenExercises/FullStackOpen/part5/bloglist-frontend/src/services/blogs.js","statementMap":{"0":{"start":{"line":2,"column":16},"end":{"line":2,"column":49}},"1":{"start":{"line":4,"column":12},"end":{"line":4,"column":16}},"2":{"start":{"line":6,"column":17},"end":{"line":8,"column":1}},"3":{"start":{"line":7,"column":2},"end":{"line":7,"column":30}},"4":{"start":{"line":10,"column":15},"end":{"line":13,"column":1}},"5":{"start":{"line":11,"column":18},"end":{"line":11,"column":36}},"6":{"start":{"line":12,"column":2},"end":{"line":12,"column":50}},"7":{"start":{"line":12,"column":36},"end":{"line":12,"column":49}},"8":{"start":{"line":15,"column":15},"end":{"line":22,"column":1}},"9":{"start":{"line":16,"column":17},"end":{"line":18,"column":3}},"10":{"start":{"line":20,"column":19},"end":{"line":20,"column":63}},"11":{"start":{"line":21,"column":2},"end":{"line":21,"column":22}},"12":{"start":{"line":24,"column":15},"end":{"line":27,"column":1}},"13":{"start":{"line":25,"column":18},"end":{"line":25,"column":58}},"14":{"start":{"line":26,"column":2},"end":{"line":26,"column":50}},"15":{"start":{"line":26,"column":36},"end":{"line":26,"column":49}},"16":{"start":{"line":29,"column":15},"end":{"line":35,"column":1}},"17":{"start":{"line":30,"column":17},"end":{"line":32,"column":3}},"18":{"start":{"line":33,"column":18},"end":{"line":33,"column":58}},"19":{"start":{"line":34,"column":2},"end":{"line":34,"column":50}},"20":{"start":{"line":34,"column":36},"end":{"line":34,"column":49}}},"fnMap":{"0":{"name":"(anonymous_0)","decl":{"start":{"line":6,"column":17},"end":{"line":6,"column":18}},"loc":{"start":{"line":6,"column":31},"end":{"line":8,"column":1}},"line":6},"1":{"name":"(anonymous_1)","decl":{"start":{"line":10,"column":15},"end":{"line":10,"column":16}},"loc":{"start":{"line":10,"column":27},"end":{"line":13,"column":1}},"line":10},"2":{"name":"(anonymous_2)","decl":{"start":{"line":12,"column":22},"end":{"line":12,"column":23}},"loc":{"start":{"line":12,"column":36},"end":{"line":12,"column":49}},"line":12},"3":{"name":"(anonymous_3)","decl":{"start":{"line":15,"column":15},"end":{"line":15,"column":16}},"loc":{"start":{"line":15,"column":36},"end":{"line":22,"column":1}},"line":15},"4":{"name":"(anonymous_4)","decl":{"start":{"line":24,"column":15},"end":{"line":24,"column":16}},"loc":{"start":{"line":24,"column":40},"end":{"line":27,"column":1}},"line":24},"5":{"name":"(anonymous_5)","decl":{"start":{"line":26,"column":22},"end":{"line":26,"column":23}},"loc":{"start":{"line":26,"column":36},"end":{"line":26,"column":49}},"line":26},"6":{"name":"(anonymous_6)","decl":{"start":{"line":29,"column":15},"end":{"line":29,"column":16}},"loc":{"start":{"line":29,"column":29},"end":{"line":35,"column":1}},"line":29},"7":{"name":"(anonymous_7)","decl":{"start":{"line":34,"column":22},"end":{"line":34,"column":23}},"loc":{"start":{"line":34,"column":36},"end":{"line":34,"column":49}},"line":34}},"branchMap":{},"s":{"0":0,"1":0,"2":0,"3":0,"4":0,"5":0,"6":0,"7":0,"8":0,"9":0,"10":0,"11":0,"12":0,"13":0,"14":0,"15":0,"16":0,"17":0,"18":0,"19":0,"20":0},"f":{"0":0,"1":0,"2":0,"3":0,"4":0,"5":0,"6":0,"7":0},"b":{}}
,"/Users/michellewong/Documents/fullStackOpenExercises/FullStackOpen/part5/bloglist-frontend/src/services/login.js": {"path":"/Users/michellewong/Documents/fullStackOpenExercises/FullStackOpen/part5/bloglist-frontend/src/services/login.js","statementMap":{"0":{"start":{"line":2,"column":16},"end":{"line":2,"column":49}},"1":{"start":{"line":4,"column":14},"end":{"line":7,"column":1}},"2":{"start":{"line":5,"column":19},"end":{"line":5,"column":57}},"3":{"start":{"line":6,"column":2},"end":{"line":6,"column":22}}},"fnMap":{"0":{"name":"(anonymous_0)","decl":{"start":{"line":4,"column":14},"end":{"line":4,"column":15}},"loc":{"start":{"line":4,"column":37},"end":{"line":7,"column":1}},"line":4}},"branchMap":{},"s":{"0":0,"1":0,"2":0,"3":0},"f":{"0":0},"b":{}}
}
